Running writeout mode.
Writing to HBondFinder_hydrogensAdded.txt ...
145 Hydrogen Bonds were found.
WARNING: HG was not found in CYS
WARNING: H was not found in CYS
WARNING: H was not found in PRO
WARNING: H was not found in PRO
WARNING: H was not found in ILE
WARNING: H was not found in PRO
WARNING: HG was not found in SER
WARNING: H was not found in PRO
WARNING: HG was not found in SER
WARNING: HG1 was not found in THR
WARNING: HG was not found in CYS
WARNING: HG was not found in SER
WARNING: HG1 was not found in THR
WARNING: HG was not found in CYS
WARNING: HG1 was not found in THR
WARNING: HG1 was not found in THR
WARNING: HG was not found in SER
WARNING: HG was not found in SER
WARNING: HG was not found in SER
WARNING: HG was not found in SER
WARNING: HG was not found in SER
WARNING: HH was not found in TYR
WARNING: HG was not found in SER
WARNING: HG1 was not found in THR
WARNING: HG1 was not found in THR
WARNING: HG was not found in SER
WARNING: HG1 was not found in THR
WARNING: HG was not found in SER
WARNING: HG was not found in SER
WARNING: HG1 was not found in THR
WARNING: HG was not found in SER
WARNING: HG was not found in CYS
WARNING: H was not found in PRO
WARNING: HG was not found in SER
WARNING: HG was not found in SER
WARNING: HG1 was not found in THR
WARNING: HG1 was not found in THR
WARNING: HG was not found in CYS
WARNING: HG1 was not found in THR
WARNING: HG1 was not found in THR
WARNING: HG1 was not found in THR
WARNING: HH was not found in TYR
WARNING: H was not found in ALA
WARNING: HG1 was not found in THR
WARNING: H was not found in PRO
WARNING: HG was not found in SER
WARNING: H was not found in PRO
WARNING: HG was not found in SER
WARNING: HG1 was not found in THR
WARNING: HG was not found in CYS
WARNING: HH was not found in TYR
WARNING: HG1 was not found in THR
WARNING: HG was not found in CYS
WARNING: HG was not found in SER
WARNING: HG was not found in SER
WARNING: HG was not found in SER
WARNING: HG was not found in CYS
WARNING: HG was not found in SER
WARNING: H was not found in PRO
WARNING: HG was not found in CYS
WARNING: HZ1 was not found in LYS
WARNING: HZ2 was not found in LYS
WARNING: HG1 was not found in THR
WARNING: HG was not found in SER
WARNING: HG was not found in SER
WARNING: HG was not found in SER
WARNING: HG1 was not found in THR
WARNING: HG was not found in CYS
WARNING: HG was not found in SER
WARNING: HG1 was not found in THR
WARNING: HG was not found in SER
WARNING: HG1 was not found in THR
WARNING: H was not found in PRO
WARNING: HH was not found in TYR
WARNING: HG1 was not found in THR
WARNING: HG1 was not found in THR
[HBONDFINDER]: Now processing donor list.
[HBONDFINDER]: Now processing acceptor list.
[HBONDFINDER]: Now processing hydrogen bond list.
