
Using parameters from /infolab/exchange/software/scwrl/Scwrl4.ini

<Timing tag = "Loading_PDB_file"  duration = "0.000" />

Using rotamer library: /infolab/exchange/software/scwrl/bbDepRotLib.bin

Residue F   1  is being treated as N-terminal

<Timing tag = "Adding_residues"  duration = "0.000" />

Sequence file has been loaded
---------------
"CGVPAIQPVLS"
---------------

<Timing tag = "Building_Atoms_Sets"  duration = "0.000" />

<Timing tag = "Building_Flexible_Subrotamers"  duration = "0.000" />

<Timing tag = "Computing_Symmetry_Operators"  duration = "0.000" />

<Timing tag = "Updating_Self_Energies"  duration = "0.010" />

<Timing tag = "Computing_Active_Rotamers"  duration = "0.000" />

<Timing tag = "Resolving_Disulfide_Bonds"  duration = "0.000" />


Total number of subrotamer interactions = 10999

<Timing tag = "Updating_Pairwise_Energies"  duration = "0.010" />

<Timing tag = "Normalizing_Atoms_Sets"  duration = "0.000" />

<Timing tag = "Computing_Interaction_Graph"  duration = "0.020" />
 

<Timing tag = "Building_Atoms_Sets"  duration = "0.000" />

<Timing tag = "Building_Flexible_Subrotamers"  duration = "0.000" />

<Timing tag = "Computing_Symmetry_Operators"  duration = "0.000" />

<Timing tag = "Updating_Self_Energies"  duration = "0.000" />

<Timing tag = "Computing_Active_Rotamers"  duration = "0.000" />

<Timing tag = "Resolving_Disulfide_Bonds"  duration = "0.000" />


Total number of subrotamer interactions = 0

<Timing tag = "Updating_Pairwise_Energies"  duration = "0.000" />

<Timing tag = "Normalizing_Atoms_Sets"  duration = "0.000" />


Running Goldstein's DEE (version G)
:::::::::::::::::::::::::::::::::::

Initial number of residues - 9
Initial number of rotamers - 78

	7 redundant edges eliminated

	Isolated residues removed - 3 

round 1:
	0 redundant edges eliminated

	Isolated residues removed - 6 
	Rotamers eliminated  -  70

round 2:
	0 redundant edges eliminated

	Isolated residues removed - 0 
	Rotamers eliminated  -  0
Energy accumulated during DEE = 14.9328
<Timing tag = "DEE"  duration = "0.000" />

Searching for clusters... 0 clusters found

Total minimal energy of the graph = 14.9328

<Timing tag = "Combinatorial_Search"  duration = "0.000" />

<Timing tag = "Deriving_Optimum"  duration = "0.000" />

<Timing tag = "Saving_to_PDB_file"  duration = "0.000" />


Deleting workspace.

<Timing tag = "Scwrl4_Execution"  duration = "0.060" />

