Running writeout mode.
Writing to HBondFinder_hydrogensAdded.txt ...
85 Hydrogen Bonds were found.
WARNING: H was not found in LEU
WARNING: H was not found in PRO
WARNING: H was not found in PRO
WARNING: H was not found in PRO
WARNING: HG was not found in CYS
WARNING: HG was not found in SER
WARNING: H was not found in PRO
WARNING: HG1 was not found in THR
WARNING: HG1 was not found in THR
WARNING: HG was not found in CYS
WARNING: H was not found in PRO
WARNING: HG1 was not found in THR
WARNING: HG1 was not found in THR
WARNING: H was not found in THR
WARNING: HH was not found in TYR
WARNING: HG was not found in SER
WARNING: HG1 was not found in THR
WARNING: HH was not found in TYR
WARNING: HG1 was not found in THR
WARNING: HG was not found in CYS
WARNING: H was not found in PRO
WARNING: HH was not found in TYR
WARNING: HG1 was not found in THR
WARNING: H was not found in PRO
WARNING: HG was not found in SER
WARNING: HG was not found in CYS
WARNING: HH was not found in TYR
WARNING: HG1 was not found in THR
WARNING: HG was not found in SER
WARNING: HG1 was not found in THR
WARNING: HH was not found in TYR
WARNING: HG1 was not found in THR
WARNING: HG was not found in SER
WARNING: H was not found in SER
WARNING: HG was not found in SER
WARNING: HG was not found in SER
WARNING: HH was not found in TYR
WARNING: HG1 was not found in THR
WARNING: HH was not found in TYR
WARNING: H was not found in PRO
WARNING: H was not found in PRO
WARNING: H was not found in PRO
WARNING: H was not found in PRO
WARNING: H was not found in PRO
WARNING: HH was not found in TYR
WARNING: HG was not found in SER
WARNING: H was not found in PRO
WARNING: H was not found in PRO
WARNING: HG1 was not found in THR
WARNING: HG1 was not found in THR
WARNING: HG1 was not found in THR
WARNING: HH was not found in TYR
WARNING: H was not found in PRO
WARNING: HG1 was not found in THR
WARNING: HG was not found in SER
WARNING: H was not found in PRO
WARNING: HH was not found in TYR
WARNING: HG was not found in CYS
WARNING: H was not found in PRO
WARNING: HH was not found in TYR
WARNING: HG was not found in SER
WARNING: HG was not found in SER
WARNING: H was not found in PRO
WARNING: HG1 was not found in THR
WARNING: H was not found in PRO
WARNING: HG was not found in SER
[HBONDFINDER]: Now processing donor list.
[HBONDFINDER]: Now processing acceptor list.
[HBONDFINDER]: Now processing hydrogen bond list.
